<?xml version="1.0" encoding="UTF-8"?>
<!-- Generated by org.testng.reporters.JUnitReportReporter -->
<testsuite hostname="LAPTOP-CDU0EB2F" failures="0" tests="4" name="TestRunner.HealthCare_Run" time="55.054" errors="0" timestamp="2025-03-20T19:02:55 IST" skipped="0">
  <testcase classname="TestRunner.HealthCare_Run" name="runScenario" time="13.060"/>
  <testcase classname="TestRunner.HealthCare_Run" name="runScenario" time="10.973"/>
  <testcase classname="TestRunner.HealthCare_Run" name="runScenario" time="11.632"/>
  <testcase classname="TestRunner.HealthCare_Run" name="runScenario" time="19.389"/>
</testsuite> <!-- TestRunner.HealthCare_Run -->
