<?xml version="1.0" encoding="UTF-8"?>
<!-- Generated by org.testng.reporters.JUnitReportReporter -->
<testsuite hostname="LAPTOP-CDU0EB2F" failures="0" tests="4" name="TestRunner.HealthCare_Run" time="46.741" errors="0" timestamp="2025-03-20T20:39:33 IST" skipped="0">
  <testcase classname="TestRunner.HealthCare_Run" name="runScenario" time="13.723"/>
  <testcase classname="TestRunner.HealthCare_Run" name="runScenario" time="10.087"/>
  <testcase classname="TestRunner.HealthCare_Run" name="runScenario" time="10.590"/>
  <testcase classname="TestRunner.HealthCare_Run" name="runScenario" time="12.341"/>
</testsuite> <!-- TestRunner.HealthCare_Run -->
